0 verbose cli C:\Program Files\nodejs\node.exe C:\Program Files\nodejs\node_modules\npm\bin\npm-cli.js
1 info using npm@10.8.3
2 info using node@v22.9.0
3 silly config load:file:C:\Program Files\nodejs\node_modules\npm\npmrc
4 silly config load:file:C:\Users\HP\Desktop\efmvue\contact-manager\.npmrc
5 silly config load:file:C:\Users\HP\.npmrc
6 silly config load:file:C:\Users\HP\AppData\Roaming\npm\etc\npmrc
7 verbose title npm run lint
8 verbose argv "run" "lint" "--cache" "false"
9 verbose logfile logs-max:10 dir:C:\Users\HP\Desktop\efmvue\contact-manager\false\_logs\2025-05-08T15_27_25_035Z-
10 verbose logfile C:\Users\HP\Desktop\efmvue\contact-manager\false\_logs\2025-05-08T15_27_25_035Z-debug-0.log
11 silly logfile done cleaning log files
12 http fetch GET 200 https://registry.npmjs.org/npm 739ms
13 verbose cwd C:\Users\HP\Desktop\efmvue\contact-manager
14 verbose os Windows_NT 10.0.26100
15 verbose node v22.9.0
16 verbose npm  v10.8.3
17 notice
17 notice New major version of npm available! 10.8.3 -> 11.3.0
17 notice Changelog: https://github.com/npm/cli/releases/tag/v11.3.0
17 notice To update run: npm install -g npm@11.3.0
17 notice  { force: true, [Symbol(proc-log.meta)]: true }
18 verbose exit 0
19 info ok
